<?xml version="1.0" encoding="utf-8"?><testsuites name="pytest tests"><testsuite name="pytest" errors="0" failures="0" skipped="0" tests="7" time="2.783" timestamp="2026-03-07T20:48:00.272141+00:00" hostname="agent-env-c1c07770-bc81-425e-a6c6-66b41b38ae7d"><testcase classname="tests.test_mommanager_iteration4.TestHealthEndpoint" name="test_health_returns_200" time="0.208" /><testcase classname="tests.test_mommanager_iteration4.TestSkincareRoutineEndpoint" name="test_skincare_endpoint_exists" time="0.111" /><testcase classname="tests.test_mommanager_iteration4.TestSkincareRoutineEndpoint" name="test_skincare_accepts_skin_types" time="0.665" /><testcase classname="tests.test_mommanager_iteration4.TestMeTimeEndpoint" name="test_metime_endpoint_exists" time="0.125" /><testcase classname="tests.test_mommanager_iteration4.TestLunchboxEndpoint" name="test_lunchbox_endpoint_exists" time="0.123" /><testcase classname="tests.test_mommanager_iteration4.TestLanguageSupport" name="test_metime_accepts_new_languages" time="0.711" /><testcase classname="tests.test_mommanager_iteration4.TestLanguageSupport" name="test_skincare_accepts_new_languages" time="0.659" /></testsuite></testsuites>