<?xml version="1.0" encoding="utf-8"?><testsuites name="pytest tests"><testsuite name="pytest" errors="0" failures="0" skipped="0" tests="12" time="9.403" timestamp="2026-03-16T20:12:34.712619+00:00" hostname="agent-env-c1c07770-bc81-425e-a6c6-66b41b38ae7d"><testcase classname="test_mommanager_iteration6.TestHealthEndpoint" name="test_health_returns_200" time="0.199" /><testcase classname="test_mommanager_iteration6.TestAIChatSystemMessages" name="test_ai_chat_endpoint_exists" time="6.550" /><testcase classname="test_mommanager_iteration6.TestSkincareEndpoint" name="test_skincare_endpoint_exists" time="0.211" /><testcase classname="test_mommanager_iteration6.TestSkincareEndpoint" name="test_skincare_accepts_all_skin_types" time="0.813" /><testcase classname="test_mommanager_iteration6.TestSkincareEndpoint" name="test_skincare_accepts_all_seasons" time="0.501" /><testcase classname="test_mommanager_iteration6.TestMeTimeEndpoint" name="test_metime_endpoint_exists" time="0.166" /><testcase classname="test_mommanager_iteration6.TestDeleteEndpoints" name="test_delete_meetings_endpoint" time="0.161" /><testcase classname="test_mommanager_iteration6.TestDeleteEndpoints" name="test_delete_kids_endpoint" time="0.125" /><testcase classname="test_mommanager_iteration6.TestDeleteEndpoints" name="test_delete_stories_endpoint" time="0.122" /><testcase classname="test_mommanager_iteration6.TestDeleteEndpoints" name="test_delete_mealplans_endpoint" time="0.125" /><testcase classname="test_mommanager_iteration6.TestDeleteEndpoints" name="test_delete_workout_endpoint" time="0.116" /><testcase classname="test_mommanager_iteration6.TestDeleteEndpoints" name="test_delete_receipts_endpoint" time="0.143" /></testsuite></testsuites>