<?xml version="1.0" encoding="utf-8"?><testsuites name="pytest tests"><testsuite name="pytest" errors="0" failures="0" skipped="0" tests="28" time="7.390" timestamp="2026-03-22T10:01:48.021308+00:00" hostname="agent-env-8490e348-4913-480d-ad9e-c15f070dea5b"><testcase classname="backend.tests.test_mommanager_iteration9.TestHealthEndpoint" name="test_health_returns_200" time="0.290" /><testcase classname="backend.tests.test_mommanager_iteration9.TestAuthEndpoints" name="test_auth_session_requires_session_id" time="0.135" /><testcase classname="backend.tests.test_mommanager_iteration9.TestAuthEndpoints" name="test_auth_me_requires_auth" time="0.154" /><testcase classname="backend.tests.test_mommanager_iteration9.TestKidsEndpoints" name="test_kids_get_requires_auth" time="0.098" /><testcase classname="backend.tests.test_mommanager_iteration9.TestKidsEndpoints" name="test_kids_create_requires_auth" time="0.099" /><testcase classname="backend.tests.test_mommanager_iteration9.TestStoriesEndpoints" name="test_stories_get_requires_auth" time="0.140" /><testcase classname="backend.tests.test_mommanager_iteration9.TestStoriesEndpoints" name="test_stories_generate_requires_auth" time="0.094" /><testcase classname="backend.tests.test_mommanager_iteration9.TestMealPlansEndpoints" name="test_mealplans_get_requires_auth" time="0.132" /><testcase classname="backend.tests.test_mommanager_iteration9.TestMealPlansEndpoints" name="test_mealplans_generate_requires_auth" time="0.723" /><testcase classname="backend.tests.test_mommanager_iteration9.TestChecklistsEndpoints" name="test_checklists_get_requires_auth" time="0.141" /><testcase classname="backend.tests.test_mommanager_iteration9.TestChecklistsEndpoints" name="test_checklists_with_date_requires_auth" time="0.116" /><testcase classname="backend.tests.test_mommanager_iteration9.TestChecklistsEndpoints" name="test_checklists_create_requires_auth" time="0.094" /><testcase classname="backend.tests.test_mommanager_iteration9.TestSelfcareEndpoints" name="test_selfcare_get_requires_auth" time="0.093" /><testcase classname="backend.tests.test_mommanager_iteration9.TestSelfcareEndpoints" name="test_selfcare_nutrition_generate_requires_auth" time="0.126" /><testcase classname="backend.tests.test_mommanager_iteration9.TestSelfcareEndpoints" name="test_selfcare_workout_generate_requires_auth" time="0.105" /><testcase classname="backend.tests.test_mommanager_iteration9.TestSelfcareEndpoints" name="test_selfcare_skincare_generate_requires_auth" time="0.100" /><testcase classname="backend.tests.test_mommanager_iteration9.TestMeetingsEndpoints" name="test_meetings_get_requires_auth" time="0.095" /><testcase classname="backend.tests.test_mommanager_iteration9.TestMeetingsEndpoints" name="test_meetings_create_requires_auth" time="0.098" /><testcase classname="backend.tests.test_mommanager_iteration9.TestAIChatEndpoint" name="test_ai_chat_endpoint_exists" time="3.396" /><testcase classname="backend.tests.test_mommanager_iteration9.TestAIChatEndpoint" name="test_ai_chat_requires_message" time="0.134" /><testcase classname="backend.tests.test_mommanager_iteration9.TestLunchboxEndpoint" name="test_lunchbox_generate_requires_auth" time="0.101" /><testcase classname="backend.tests.test_mommanager_iteration9.TestBudgetsEndpoint" name="test_budgets_requires_auth" time="0.093" /><testcase classname="backend.tests.test_mommanager_iteration9.TestReceiptsEndpoint" name="test_receipts_requires_auth" time="0.099" /><testcase classname="backend.tests.test_mommanager_iteration9.TestKitchenMealsEndpoint" name="test_kitchen_meals_requires_auth" time="0.111" /><testcase classname="backend.tests.test_mommanager_iteration9.TestMeTimeSuggestionsEndpoint" name="test_metime_suggestions_requires_auth" time="0.093" /><testcase classname="backend.tests.test_mommanager_iteration9.TestWorkoutAIEndpoint" name="test_workout_ai_requires_auth" time="0.096" /><testcase classname="backend.tests.test_mommanager_iteration9.TestStrengthMealsEndpoint" name="test_strength_meals_requires_auth" time="0.135" /><testcase classname="backend.tests.test_mommanager_iteration9.TestPhysicalProfileEndpoint" name="test_physical_profile_requires_auth" time="0.098" /></testsuite></testsuites>