<?xml version="1.0" encoding="utf-8"?><testsuites name="pytest tests"><testsuite name="pytest" errors="0" failures="0" skipped="0" tests="11" time="5.787" timestamp="2026-03-16T20:30:45.019334+00:00" hostname="agent-env-c1c07770-bc81-425e-a6c6-66b41b38ae7d"><testcase classname="tests.test_mommanager_iteration7.TestHealthEndpoint" name="test_health_returns_200" time="0.209" /><testcase classname="tests.test_mommanager_iteration7.TestCoreEndpoints" name="test_meetings_endpoint_exists" time="0.170" /><testcase classname="tests.test_mommanager_iteration7.TestCoreEndpoints" name="test_kids_endpoint_exists" time="0.131" /><testcase classname="tests.test_mommanager_iteration7.TestCoreEndpoints" name="test_stories_endpoint_exists" time="0.217" /><testcase classname="tests.test_mommanager_iteration7.TestCoreEndpoints" name="test_checklists_endpoint_exists" time="0.195" /><testcase classname="tests.test_mommanager_iteration7.TestCoreEndpoints" name="test_budgets_endpoint_exists" time="0.147" /><testcase classname="tests.test_mommanager_iteration7.TestCoreEndpoints" name="test_receipts_endpoint_exists" time="0.161" /><testcase classname="tests.test_mommanager_iteration7.TestAIEndpoints" name="test_ai_chat_endpoint_exists" time="4.041" /><testcase classname="tests.test_mommanager_iteration7.TestAIEndpoints" name="test_story_generate_endpoint_exists" time="0.204" /><testcase classname="tests.test_mommanager_iteration7.TestAIEndpoints" name="test_metime_suggestions_endpoint_exists" time="0.131" /><testcase classname="tests.test_mommanager_iteration7.TestAIEndpoints" name="test_skincare_routine_endpoint_exists" time="0.128" /></testsuite></testsuites>