<?xml version="1.0" encoding="utf-8"?><testsuites name="pytest tests"><testsuite name="pytest" errors="0" failures="0" skipped="0" tests="7" time="1.727" timestamp="2026-03-07T11:16:21.867591+00:00" hostname="agent-env-c1c07770-bc81-425e-a6c6-66b41b38ae7d"><testcase classname="backend.tests.test_mommanager_iteration3.TestHealthCheck" name="test_health_endpoint_returns_200" time="0.215" /><testcase classname="backend.tests.test_mommanager_iteration3.TestMeTimeEndpoint" name="test_me_time_endpoint_exists" time="0.155" /><testcase classname="backend.tests.test_mommanager_iteration3.TestMeTimeEndpoint" name="test_me_time_accepts_required_fields" time="0.129" /><testcase classname="backend.tests.test_mommanager_iteration3.TestLunchBoxEndpoint" name="test_lunchbox_endpoint_exists" time="0.144" /><testcase classname="backend.tests.test_mommanager_iteration3.TestLunchBoxEndpoint" name="test_lunchbox_accepts_all_fields" time="0.124" /><testcase classname="backend.tests.test_mommanager_iteration3.TestLunchBoxEndpoint" name="test_lunchbox_supports_new_languages" time="0.395" /><testcase classname="backend.tests.test_mommanager_iteration3.TestMeTimeSupportedLanguages" name="test_me_time_supports_new_languages" time="0.466" /></testsuite></testsuites>