<?xml version="1.0" encoding="utf-8"?><testsuites name="pytest tests"><testsuite name="pytest" errors="0" failures="0" skipped="0" tests="12" time="0.865" timestamp="2026-03-06T00:16:11.703674+00:00" hostname="agent-env-8142be08-65fd-4998-b1b3-33094ae2a3df"><testcase classname="backend.tests.test_mommanager_api.TestHealthEndpoint" name="test_health_returns_200" time="0.321" /><testcase classname="backend.tests.test_mommanager_api.TestKitchenEndpoint" name="test_kitchen_endpoint_exists" time="0.150" /><testcase classname="backend.tests.test_mommanager_api.TestKitchenEndpoint" name="test_kitchen_endpoint_accepts_expected_fields" time="0.107" /><testcase classname="backend.tests.test_mommanager_api.TestAIChatEndpoint" name="test_ai_chat_requires_message" time="0.167" /><testcase classname="backend.tests.test_mommanager_api.TestCodeStructureValidation" name="test_kids_generatestory_no_kid_name" time="0.000" /><testcase classname="backend.tests.test_mommanager_api.TestCodeStructureValidation" name="test_settings_subscription_trial_text" time="0.000" /><testcase classname="backend.tests.test_mommanager_api.TestCodeStructureValidation" name="test_organize_uses_dynamic_theme" time="0.000" /><testcase classname="backend.tests.test_mommanager_api.TestCodeStructureValidation" name="test_ai_chat_has_direct_instructions_romanian" time="0.000" /><testcase classname="backend.tests.test_mommanager_api.TestCodeStructureValidation" name="test_ai_chat_has_direct_instructions_english" time="0.000" /><testcase classname="backend.tests.test_mommanager_api.TestCodeStructureValidation" name="test_dashboard_no_day_night_toggle" time="0.000" /><testcase classname="backend.tests.test_mommanager_api.TestCodeStructureValidation" name="test_kitchen_has_scanner_section" time="0.000" /><testcase classname="backend.tests.test_mommanager_api.TestCodeStructureValidation" name="test_api_has_generate_meals_from_image_method" time="0.000" /></testsuite></testsuites>