<?xml version="1.0" encoding="utf-8"?><testsuites name="pytest tests"><testsuite name="pytest" errors="0" failures="0" skipped="0" tests="13" time="2.848" timestamp="2026-03-07T21:02:11.773616+00:00" hostname="agent-env-c1c07770-bc81-425e-a6c6-66b41b38ae7d"><testcase classname="tests.test_mommanager_iteration5.TestHealthCheck" name="test_health_returns_200" time="0.151" /><testcase classname="tests.test_mommanager_iteration5.TestDeleteEndpointsExist" name="test_meetings_delete_exists" time="0.112" /><testcase classname="tests.test_mommanager_iteration5.TestDeleteEndpointsExist" name="test_kids_delete_exists" time="0.127" /><testcase classname="tests.test_mommanager_iteration5.TestDeleteEndpointsExist" name="test_stories_delete_exists" time="0.125" /><testcase classname="tests.test_mommanager_iteration5.TestDeleteEndpointsExist" name="test_mealplans_delete_exists" time="0.134" /><testcase classname="tests.test_mommanager_iteration5.TestDeleteEndpointsExist" name="test_selfcare_workout_delete_exists" time="0.134" /><testcase classname="tests.test_mommanager_iteration5.TestDeleteEndpointsExist" name="test_receipts_delete_exists" time="0.101" /><testcase classname="tests.test_mommanager_iteration5.TestSkincareEndpoint" name="test_skincare_endpoint_exists" time="0.111" /><testcase classname="tests.test_mommanager_iteration5.TestSkincareEndpoint" name="test_skincare_accepts_all_skin_types" time="0.614" /><testcase classname="tests.test_mommanager_iteration5.TestSkincareEndpoint" name="test_skincare_accepts_all_seasons" time="0.865" /><testcase classname="tests.test_mommanager_iteration5.TestOtherAIEndpoints" name="test_metime_endpoint_exists" time="0.112" /><testcase classname="tests.test_mommanager_iteration5.TestOtherAIEndpoints" name="test_lunchbox_endpoint_exists" time="0.107" /><testcase classname="tests.test_mommanager_iteration5.TestOtherAIEndpoints" name="test_stories_generate_exists" time="0.101" /></testsuite></testsuites>