<?xml version="1.0" encoding="utf-8"?><testsuites name="pytest tests"><testsuite name="pytest" errors="0" failures="0" skipped="0" tests="28" time="11.667" timestamp="2026-03-20T13:08:18.000423+00:00" hostname="agent-env-8490e348-4913-480d-ad9e-c15f070dea5b"><testcase classname="backend.tests.test_mommanager_iteration8.TestHealthEndpoint" name="test_health_returns_200" time="0.230" /><testcase classname="backend.tests.test_mommanager_iteration8.TestAuthSession" name="test_auth_session_requires_session_id" time="0.177" /><testcase classname="backend.tests.test_mommanager_iteration8.TestAuthSession" name="test_auth_me_requires_auth" time="0.145" /><testcase classname="backend.tests.test_mommanager_iteration8.TestKidsEndpoint" name="test_kids_endpoint_exists_requires_auth" time="0.134" /><testcase classname="backend.tests.test_mommanager_iteration8.TestKidsEndpoint" name="test_kids_create_requires_auth" time="0.117" /><testcase classname="backend.tests.test_mommanager_iteration8.TestKidsEndpoint" name="test_kids_delete_requires_auth" time="0.148" /><testcase classname="backend.tests.test_mommanager_iteration8.TestStoriesEndpoint" name="test_stories_endpoint_exists_requires_auth" time="0.111" /><testcase classname="backend.tests.test_mommanager_iteration8.TestStoriesEndpoint" name="test_stories_generate_requires_auth" time="0.141" /><testcase classname="backend.tests.test_mommanager_iteration8.TestStoriesEndpoint" name="test_stories_delete_requires_auth" time="0.154" /><testcase classname="backend.tests.test_mommanager_iteration8.TestMealplansEndpoint" name="test_mealplans_endpoint_exists_requires_auth" time="0.108" /><testcase classname="backend.tests.test_mommanager_iteration8.TestMealplansEndpoint" name="test_mealplans_generate_requires_auth" time="0.119" /><testcase classname="backend.tests.test_mommanager_iteration8.TestChecklistsEndpoint" name="test_checklists_endpoint_exists_requires_auth" time="0.098" /><testcase classname="backend.tests.test_mommanager_iteration8.TestChecklistsEndpoint" name="test_checklists_with_date_requires_auth" time="0.102" /><testcase classname="backend.tests.test_mommanager_iteration8.TestChecklistsEndpoint" name="test_checklists_create_requires_auth" time="0.121" /><testcase classname="backend.tests.test_mommanager_iteration8.TestSelfcareEndpoint" name="test_selfcare_endpoint_exists_requires_auth" time="0.103" /><testcase classname="backend.tests.test_mommanager_iteration8.TestSelfcareEndpoint" name="test_selfcare_nutrition_generate_requires_auth" time="0.119" /><testcase classname="backend.tests.test_mommanager_iteration8.TestSelfcareEndpoint" name="test_selfcare_workout_generate_requires_auth" time="0.100" /><testcase classname="backend.tests.test_mommanager_iteration8.TestSelfcareEndpoint" name="test_selfcare_skincare_generate_requires_auth" time="0.115" /><testcase classname="backend.tests.test_mommanager_iteration8.TestMeetingsEndpoint" name="test_meetings_endpoint_exists_requires_auth" time="0.102" /><testcase classname="backend.tests.test_mommanager_iteration8.TestMeetingsEndpoint" name="test_meetings_create_requires_auth" time="0.116" /><testcase classname="backend.tests.test_mommanager_iteration8.TestMeetingsEndpoint" name="test_meetings_delete_requires_auth" time="0.105" /><testcase classname="backend.tests.test_mommanager_iteration8.TestAIChatEndpoint" name="test_ai_chat_endpoint_exists" time="7.105" /><testcase classname="backend.tests.test_mommanager_iteration8.TestAIChatEndpoint" name="test_ai_chat_requires_message" time="0.120" /><testcase classname="backend.tests.test_mommanager_iteration8.TestKidsLunchboxEndpoint" name="test_lunchbox_generate_requires_auth" time="0.101" /><testcase classname="backend.tests.test_mommanager_iteration8.TestBudgetsEndpoint" name="test_budgets_endpoint_exists_requires_auth" time="0.116" /><testcase classname="backend.tests.test_mommanager_iteration8.TestReceiptsEndpoint" name="test_receipts_endpoint_exists_requires_auth" time="1.112" /><testcase classname="backend.tests.test_mommanager_iteration8.TestKitchenEndpoint" name="test_kitchen_meals_from_image_requires_auth" time="0.095" /><testcase classname="backend.tests.test_mommanager_iteration8.TestMeTimeSuggestions" name="test_metime_suggestions_requires_auth" time="0.160" /></testsuite></testsuites>