<?xml version="1.0" encoding="utf-8"?><testsuites name="pytest tests"><testsuite name="pytest" errors="0" failures="0" skipped="0" tests="20" time="0.242" timestamp="2026-03-06T20:32:41.148267+00:00" hostname="agent-env-8142be08-65fd-4998-b1b3-33094ae2a3df"><testcase classname="tests.test_mommanager_iteration2.TestBackendHealth" name="test_health_returns_200" time="0.186" /><testcase classname="tests.test_mommanager_iteration2.TestDashboardIndex" name="test_no_aichatbutton_import" time="0.000" /><testcase classname="tests.test_mommanager_iteration2.TestDashboardIndex" name="test_has_ai_assistant_bar" time="0.000" /><testcase classname="tests.test_mommanager_iteration2.TestDashboardIndex" name="test_uses_t_function_for_ai_text" time="0.000" /><testcase classname="tests.test_mommanager_iteration2.TestSettingsScreen" name="test_monthly_price_9_99" time="0.000" /><testcase classname="tests.test_mommanager_iteration2.TestSettingsScreen" name="test_yearly_price_79_99" time="0.000" /><testcase classname="tests.test_mommanager_iteration2.TestSettingsScreen" name="test_no_save_badge_on_yearly" time="0.000" /><testcase classname="tests.test_mommanager_iteration2.TestKitchenScreen" name="test_delete_meal_plan_uses_window_confirm" time="0.000" /><testcase classname="tests.test_mommanager_iteration2.TestKidsScreen" name="test_has_delete_story_function" time="0.000" /><testcase classname="tests.test_mommanager_iteration2.TestKidsScreen" name="test_has_trash_outline_for_stories" time="0.000" /><testcase classname="tests.test_mommanager_iteration2.TestKidsScreen" name="test_has_delete_button_on_kid_chips" time="0.000" /><testcase classname="tests.test_mommanager_iteration2.TestKidsScreen" name="test_generate_story_no_kid_name" time="0.000" /><testcase classname="tests.test_mommanager_iteration2.TestWorkScreen" name="test_has_delete_item_function" time="0.000" /><testcase classname="tests.test_mommanager_iteration2.TestWorkScreen" name="test_has_trash_outline_for_meetings" time="0.000" /><testcase classname="tests.test_mommanager_iteration2.TestPortugueseTranslations" name="test_pt_file_exists" time="0.000" /><testcase classname="tests.test_mommanager_iteration2.TestPortugueseTranslations" name="test_pt_has_ai_section" time="0.000" /><testcase classname="tests.test_mommanager_iteration2.TestPortugueseTranslations" name="test_pt_has_here_for_you" time="0.000" /><testcase classname="tests.test_mommanager_iteration2.TestPortugueseTranslations" name="test_pt_has_tap_to_chat" time="0.000" /><testcase classname="tests.test_mommanager_iteration2.TestSettingsContext" name="test_imports_pt_translations" time="0.000" /><testcase classname="tests.test_mommanager_iteration2.TestSettingsContext" name="test_pt_in_translations_map" time="0.000" /></testsuite></testsuites>